<?xml version="1.0" encoding="UTF-8"?>
<!-- Generated by org.testng.reporters.JUnitXMLReporter -->
<testsuite ignored="0" hostname="ArundhatiSude" failures="1" tests="1" name="Default test(failed)" time="0.077" errors="0" timestamp="2023-07-12T07:05:31 IST">
  <testcase classname="DataProvider.SecondProgram" name="LoginTest" time="0.0">
    <failure type="org.testng.TestNGException" message="
Method public void DataProvider.SecondProgram.LoginTest(java.lang.String,java.lang.String,java.lang.String) throws java.lang.InterruptedException requires a @DataProvider named : LoginData">
      <![CDATA[org.testng.TestNGException: 
Method public void DataProvider.SecondProgram.LoginTest(java.lang.String,java.lang.String,java.lang.String) throws java.lang.InterruptedException requires a @DataProvider named : LoginData
at java.base/java.util.ArrayList.forEach(ArrayList.java:1511)
... Removed 24 stack frames]]>
    </failure>
  </testcase> <!-- LoginTest -->
</testsuite> <!-- Default test(failed) -->
