<?xml version="1.0" encoding="UTF-8"?>
<!-- Generated by org.testng.reporters.JUnitXMLReporter -->
<testsuite ignored="4" hostname="ArundhatiSude" failures="0" tests="1" name="Smoke" time="22.422" errors="0" timestamp="2023-07-11T13:48:35 IST">
  <testcase classname="TestingFeatures.EnabledxmlFile" name="Test2" time="0.008"/>
  <testcase classname="TestingFeatures.EnabledxmlFile" name="Test1" time="0.0">
    <ignored/>
  </testcase> <!-- Test1 -->
  <testcase classname="TestingFeatures.EnabledxmlFile" name="Test3" time="0.0">
    <ignored/>
  </testcase> <!-- Test3 -->
  <testcase classname="TestingFeatures.EnabledxmlFile" name="B" time="0.0">
    <ignored/>
  </testcase> <!-- B -->
  <testcase classname="TestingFeatures.EnabledxmlFile" name="A" time="0.0">
    <ignored/>
  </testcase> <!-- A -->
</testsuite> <!-- Smoke -->
